<?xml version="1.0" encoding="UTF-8"?>
<!-- Generated by org.testng.reporters.JUnitReportReporter -->
<testsuite hostname="DARSHANSONAWANE-NTT" failures="0" tests="4" name="LoginAndReg" time="24.408" errors="0" timestamp="2024-08-27T15:39:25 IST" skipped="0">
  <testcase classname="LoginAndReg" name="verifyLoginWithValidCredentials" time="6.545"/>
  <testcase classname="LoginAndReg" name="verifyLoginWithInvalidCredentials" time="6.686"/>
  <testcase classname="LoginAndReg" name="verifyLoginWithValidEmailAdressAndInvalidPassword" time="4.930"/>
  <testcase classname="LoginAndReg" name="verifyWithoutCredentials" time="6.247"/>
</testsuite> <!-- LoginAndReg -->
