<?xml version="1.0" encoding="UTF-8"?>
<!-- Generated by org.testng.reporters.JUnitReportReporter -->
<testsuite hostname="DARSHANSONAWANE-NTT" failures="0" tests="3" name="registration" time="19.487" errors="0" timestamp="2024-08-27T16:37:53 IST" skipped="0">
  <testcase classname="registration" name="verifyRegistration" time="6.980"/>
  <testcase classname="registration" name="verifyRegistrationWithAllreadyUsedEmailID" time="6.729"/>
  <testcase classname="registration" name="withoutAnyDetails" time="5.778"/>
</testsuite> <!-- registration -->
