<?xml version="1.0" encoding="UTF-8"?>
<!-- Generated by org.testng.reporters.JUnitReportReporter -->
<testsuite hostname="DARSHANSONAWANE-NTT" failures="0" tests="3" name="com.tutorialsninja.registration" time="25.737" errors="0" timestamp="2024-08-28T22:45:53 IST" skipped="0">
  <testcase classname="com.tutorialsninja.registration" name="verifyRegistration" time="9.559"/>
  <testcase classname="com.tutorialsninja.registration" name="verifyRegistrationWithAllreadyUsedEmailID" time="8.920"/>
  <testcase classname="com.tutorialsninja.registration" name="withoutAnyDetails" time="7.258"/>
</testsuite> <!-- com.tutorialsninja.registration -->
