<?xml version="1.0" encoding="UTF-8"?>
<!-- Generated by org.testng.reporters.JUnitReportReporter -->
<testsuite hostname="DARSHANSONAWANE-NTT" failures="0" tests="1" name="com.tutorialsninja.EmailAutomation" time="72.990" errors="0" timestamp="2024-08-28T21:41:30 IST" skipped="0">
  <testcase classname="com.tutorialsninja.EmailAutomation" name="sendEmail" time="72.990"/>
</testsuite> <!-- com.tutorialsninja.EmailAutomation -->
