<?xml version="1.0" encoding="UTF-8"?>
<!-- Generated by org.testng.reporters.JUnitReportReporter -->
<testsuite hostname="DARSHANSONAWANE-NTT" failures="0" tests="1" name="Login" time="6.627" errors="0" timestamp="2024-08-27T21:40:40 IST" skipped="0">
  <testcase classname="Login" name="verifyLoginWithValidCredentials" time="6.627"/>
</testsuite> <!-- Login -->
