<?xml version="1.0" encoding="UTF-8"?>
<!-- Generated by org.testng.reporters.JUnitReportReporter -->
<testsuite hostname="DARSHANSONAWANE-NTT" failures="0" tests="4" name="com.tutorialsninja.Login" time="31.508" errors="0" timestamp="2024-08-28T22:45:54 IST" skipped="0">
  <testcase classname="com.tutorialsninja.Login" name="verifyLoginWithValidCredentials" time="6.956"/>
  <testcase classname="com.tutorialsninja.Login" name="verifyLoginWithInvalidCredentials" time="7.937"/>
  <testcase classname="com.tutorialsninja.Login" name="verifyLoginWithValidEmailAdressAndInvalidPassword" time="8.536"/>
  <testcase classname="com.tutorialsninja.Login" name="verifyWithoutCredentials" time="8.079"/>
</testsuite> <!-- com.tutorialsninja.Login -->
