<?xml version="1.0" encoding="UTF-8"?>
<!-- Generated by org.testng.reporters.JUnitReportReporter -->
<testsuite hostname="DARSHANSONAWANE-NTT" failures="0" tests="3" name="com.tutorialsninja.registration" time="18.178" errors="0" timestamp="2024-08-29T14:52:45 IST" skipped="0">
  <testcase classname="com.tutorialsninja.registration" name="verifyRegistration" time="6.136"/>
  <testcase classname="com.tutorialsninja.registration" name="verifyRegistrationWithAllreadyUsedEmailID" time="6.256"/>
  <testcase classname="com.tutorialsninja.registration" name="withoutAnyDetails" time="5.786"/>
</testsuite> <!-- com.tutorialsninja.registration -->
