<?xml version="1.0" encoding="UTF-8"?>
<!-- Generated by org.testng.reporters.JUnitReportReporter -->
<testsuite hostname="DARSHANSONAWANE-NTT" failures="0" tests="4" name="com.tutorialsninja.Login" time="25.055" errors="0" timestamp="2024-08-29T14:52:45 IST" skipped="0">
  <testcase classname="com.tutorialsninja.Login" name="verifyLoginWithValidCredentials" time="5.896"/>
  <testcase classname="com.tutorialsninja.Login" name="verifyLoginWithInvalidCredentials" time="6.510"/>
  <testcase classname="com.tutorialsninja.Login" name="verifyLoginWithValidEmailAdressAndInvalidPassword" time="6.796"/>
  <testcase classname="com.tutorialsninja.Login" name="verifyWithoutCredentials" time="5.853"/>
</testsuite> <!-- com.tutorialsninja.Login -->
